<?xml version="1.0" encoding="UTF-8"?>
<testsuite name="DomainTest" tests="3" skipped="0" failures="0" errors="0" timestamp="2024-03-18T10:47:30" hostname="Anastasias-Air" time="0.013">
  <properties/>
  <testcase name="testAngajat()" classname="DomainTest" time="0.011"/>
  <testcase name="testZbor()" classname="DomainTest" time="0.0"/>
  <testcase name="testClient()" classname="DomainTest" time="0.0"/>
  <system-out><![CDATA[]]></system-out>
  <system-err><![CDATA[]]></system-err>
</testsuite>
